2014-06-20 23:35:06 INFO  PropertiesFileHandler:22 - try loading properties
2014-06-20 23:35:06 ERROR PropertiesFileHandler:36 - Error before or while reading properties file
java.io.FileNotFoundException: default.stackmaster (Das System kann die angegebene Datei nicht finden)
	at java.util.zip.ZipFile.open(Native Method)
	at java.util.zip.ZipFile.<init>(ZipFile.java:215)
	at java.util.zip.ZipFile.<init>(ZipFile.java:145)
	at java.util.zip.ZipFile.<init>(ZipFile.java:159)
	at de.dennismaass.emp.stonemaster.stackmaster.common.properties.PropertiesFileHandler.readProperties(PropertiesFileHandler.java:23)
	at de.dennismaass.emp.stonemaster.stackmaster.common.properties.PropertiesFileHandler.readConnectionProperties(PropertiesFileHandler.java:44)
	at de.dennismaass.emp.stonemaster.stackmaster.common.profile.ProfileFileHandler.readProfile(ProfileFileHandler.java:16)
	at de.dennismaass.emp.stonemaster.stackmaster.configurator.ui.swing.SwingStarter.<init>(SwingStarter.java:66)
	at de.dennismaass.emp.stonemaster.stackmaster.configurator.ui.swing.SwingStarter$5.run(SwingStarter.java:359)
	at java.awt.event.InvocationEvent.dispatch(InvocationEvent.java:312)
	at java.awt.EventQueue.dispatchEventImpl(EventQueue.java:733)
	at java.awt.EventQueue.access$200(EventQueue.java:103)
	at java.awt.EventQueue$3.run(EventQueue.java:694)
	at java.awt.EventQueue$3.run(EventQueue.java:692)
	at java.security.AccessController.doPrivileged(Native Method)
	at java.security.ProtectionDomain$1.doIntersectionPrivilege(ProtectionDomain.java:76)
	at java.awt.EventQueue.dispatchEvent(EventQueue.java:703)
	at java.awt.EventDispatchThread.pumpOneEventForFilters(EventDispatchThread.java:242)
	at java.awt.EventDispatchThread.pumpEventsForFilter(EventDispatchThread.java:161)
	at java.awt.EventDispatchThread.pumpEventsForHierarchy(EventDispatchThread.java:150)
	at java.awt.EventDispatchThread.pumpEvents(EventDispatchThread.java:146)
	at java.awt.EventDispatchThread.pumpEvents(EventDispatchThread.java:138)
	at java.awt.EventDispatchThread.run(EventDispatchThread.java:91)
2014-06-20 23:35:06 ERROR PropertiesFileHandler:52 - error by parsing fastUpSpeed
java.lang.NumberFormatException: null
	at java.lang.Integer.parseInt(Integer.java:454)
	at java.lang.Integer.parseInt(Integer.java:527)
	at de.dennismaass.emp.stonemaster.stackmaster.common.properties.PropertiesFileHandler.readConnectionProperties(PropertiesFileHandler.java:49)
	at de.dennismaass.emp.stonemaster.stackmaster.common.profile.ProfileFileHandler.readProfile(ProfileFileHandler.java:16)
	at de.dennismaass.emp.stonemaster.stackmaster.configurator.ui.swing.SwingStarter.<init>(SwingStarter.java:66)
	at de.dennismaass.emp.stonemaster.stackmaster.configurator.ui.swing.SwingStarter$5.run(SwingStarter.java:359)
	at java.awt.event.InvocationEvent.dispatch(InvocationEvent.java:312)
	at java.awt.EventQueue.dispatchEventImpl(EventQueue.java:733)
	at java.awt.EventQueue.access$200(EventQueue.java:103)
	at java.awt.EventQueue$3.run(EventQueue.java:694)
	at java.awt.EventQueue$3.run(EventQueue.java:692)
	at java.security.AccessController.doPrivileged(Native Method)
	at java.security.ProtectionDomain$1.doIntersectionPrivilege(ProtectionDomain.java:76)
	at java.awt.EventQueue.dispatchEvent(EventQueue.java:703)
	at java.awt.EventDispatchThread.pumpOneEventForFilters(EventDispatchThread.java:242)
	at java.awt.EventDispatchThread.pumpEventsForFilter(EventDispatchThread.java:161)
	at java.awt.EventDispatchThread.pumpEventsForHierarchy(EventDispatchThread.java:150)
	at java.awt.EventDispatchThread.pumpEvents(EventDispatchThread.java:146)
	at java.awt.EventDispatchThread.pumpEvents(EventDispatchThread.java:138)
	at java.awt.EventDispatchThread.run(EventDispatchThread.java:91)
2014-06-20 23:35:06 ERROR PropertiesFileHandler:59 - error by parsing middleUpSpeed
java.lang.NumberFormatException: null
	at java.lang.Integer.parseInt(Integer.java:454)
	at java.lang.Integer.parseInt(Integer.java:527)
	at de.dennismaass.emp.stonemaster.stackmaster.common.properties.PropertiesFileHandler.readConnectionProperties(PropertiesFileHandler.java:56)
	at de.dennismaass.emp.stonemaster.stackmaster.common.profile.ProfileFileHandler.readProfile(ProfileFileHandler.java:16)
	at de.dennismaass.emp.stonemaster.stackmaster.configurator.ui.swing.SwingStarter.<init>(SwingStarter.java:66)
	at de.dennismaass.emp.stonemaster.stackmaster.configurator.ui.swing.SwingStarter$5.run(SwingStarter.java:359)
	at java.awt.event.InvocationEvent.dispatch(InvocationEvent.java:312)
	at java.awt.EventQueue.dispatchEventImpl(EventQueue.java:733)
	at java.awt.EventQueue.access$200(EventQueue.java:103)
	at java.awt.EventQueue$3.run(EventQueue.java:694)
	at java.awt.EventQueue$3.run(EventQueue.java:692)
	at java.security.AccessController.doPrivileged(Native Method)
	at java.security.ProtectionDomain$1.doIntersectionPrivilege(ProtectionDomain.java:76)
	at java.awt.EventQueue.dispatchEvent(EventQueue.java:703)
	at java.awt.EventDispatchThread.pumpOneEventForFilters(EventDispatchThread.java:242)
	at java.awt.EventDispatchThread.pumpEventsForFilter(EventDispatchThread.java:161)
	at java.awt.EventDispatchThread.pumpEventsForHierarchy(EventDispatchThread.java:150)
	at java.awt.EventDispatchThread.pumpEvents(EventDispatchThread.java:146)
	at java.awt.EventDispatchThread.pumpEvents(EventDispatchThread.java:138)
	at java.awt.EventDispatchThread.run(EventDispatchThread.java:91)
2014-06-20 23:35:06 ERROR PropertiesFileHandler:66 - error by parsing slowUpSpeed
java.lang.NumberFormatException: null
	at java.lang.Integer.parseInt(Integer.java:454)
	at java.lang.Integer.parseInt(Integer.java:527)
	at de.dennismaass.emp.stonemaster.stackmaster.common.properties.PropertiesFileHandler.readConnectionProperties(PropertiesFileHandler.java:63)
	at de.dennismaass.emp.stonemaster.stackmaster.common.profile.ProfileFileHandler.readProfile(ProfileFileHandler.java:16)
	at de.dennismaass.emp.stonemaster.stackmaster.configurator.ui.swing.SwingStarter.<init>(SwingStarter.java:66)
	at de.dennismaass.emp.stonemaster.stackmaster.configurator.ui.swing.SwingStarter$5.run(SwingStarter.java:359)
	at java.awt.event.InvocationEvent.dispatch(InvocationEvent.java:312)
	at java.awt.EventQueue.dispatchEventImpl(EventQueue.java:733)
	at java.awt.EventQueue.access$200(EventQueue.java:103)
	at java.awt.EventQueue$3.run(EventQueue.java:694)
	at java.awt.EventQueue$3.run(EventQueue.java:692)
	at java.security.AccessController.doPrivileged(Native Method)
	at java.security.ProtectionDomain$1.doIntersectionPrivilege(ProtectionDomain.java:76)
	at java.awt.EventQueue.dispatchEvent(EventQueue.java:703)
	at java.awt.EventDispatchThread.pumpOneEventForFilters(EventDispatchThread.java:242)
	at java.awt.EventDispatchThread.pumpEventsForFilter(EventDispatchThread.java:161)
	at java.awt.EventDispatchThread.pumpEventsForHierarchy(EventDispatchThread.java:150)
	at java.awt.EventDispatchThread.pumpEvents(EventDispatchThread.java:146)
	at java.awt.EventDispatchThread.pumpEvents(EventDispatchThread.java:138)
	at java.awt.EventDispatchThread.run(EventDispatchThread.java:91)
2014-06-20 23:35:06 ERROR PropertiesFileHandler:73 - error by parsing slowDownSpeed
java.lang.NumberFormatException: null
	at java.lang.Integer.parseInt(Integer.java:454)
	at java.lang.Integer.parseInt(Integer.java:527)
	at de.dennismaass.emp.stonemaster.stackmaster.common.properties.PropertiesFileHandler.readConnectionProperties(PropertiesFileHandler.java:70)
	at de.dennismaass.emp.stonemaster.stackmaster.common.profile.ProfileFileHandler.readProfile(ProfileFileHandler.java:16)
	at de.dennismaass.emp.stonemaster.stackmaster.configurator.ui.swing.SwingStarter.<init>(SwingStarter.java:66)
	at de.dennismaass.emp.stonemaster.stackmaster.configurator.ui.swing.SwingStarter$5.run(SwingStarter.java:359)
	at java.awt.event.InvocationEvent.dispatch(InvocationEvent.java:312)
	at java.awt.EventQueue.dispatchEventImpl(EventQueue.java:733)
	at java.awt.EventQueue.access$200(EventQueue.java:103)
	at java.awt.EventQueue$3.run(EventQueue.java:694)
	at java.awt.EventQueue$3.run(EventQueue.java:692)
	at java.security.AccessController.doPrivileged(Native Method)
	at java.security.ProtectionDomain$1.doIntersectionPrivilege(ProtectionDomain.java:76)
	at java.awt.EventQueue.dispatchEvent(EventQueue.java:703)
	at java.awt.EventDispatchThread.pumpOneEventForFilters(EventDispatchThread.java:242)
	at java.awt.EventDispatchThread.pumpEventsForFilter(EventDispatchThread.java:161)
	at java.awt.EventDispatchThread.pumpEventsForHierarchy(EventDispatchThread.java:150)
	at java.awt.EventDispatchThread.pumpEvents(EventDispatchThread.java:146)
	at java.awt.EventDispatchThread.pumpEvents(EventDispatchThread.java:138)
	at java.awt.EventDispatchThread.run(EventDispatchThread.java:91)
2014-06-20 23:35:06 ERROR PropertiesFileHandler:80 - error by parsing middleDownSpeed
java.lang.NumberFormatException: null
	at java.lang.Integer.parseInt(Integer.java:454)
	at java.lang.Integer.parseInt(Integer.java:527)
	at de.dennismaass.emp.stonemaster.stackmaster.common.properties.PropertiesFileHandler.readConnectionProperties(PropertiesFileHandler.java:77)
	at de.dennismaass.emp.stonemaster.stackmaster.common.profile.ProfileFileHandler.readProfile(ProfileFileHandler.java:16)
	at de.dennismaass.emp.stonemaster.stackmaster.configurator.ui.swing.SwingStarter.<init>(SwingStarter.java:66)
	at de.dennismaass.emp.stonemaster.stackmaster.configurator.ui.swing.SwingStarter$5.run(SwingStarter.java:359)
	at java.awt.event.InvocationEvent.dispatch(InvocationEvent.java:312)
	at java.awt.EventQueue.dispatchEventImpl(EventQueue.java:733)
	at java.awt.EventQueue.access$200(EventQueue.java:103)
	at java.awt.EventQueue$3.run(EventQueue.java:694)
	at java.awt.EventQueue$3.run(EventQueue.java:692)
	at java.security.AccessController.doPrivileged(Native Method)
	at java.security.ProtectionDomain$1.doIntersectionPrivilege(ProtectionDomain.java:76)
	at java.awt.EventQueue.dispatchEvent(EventQueue.java:703)
	at java.awt.EventDispatchThread.pumpOneEventForFilters(EventDispatchThread.java:242)
	at java.awt.EventDispatchThread.pumpEventsForFilter(EventDispatchThread.java:161)
	at java.awt.EventDispatchThread.pumpEventsForHierarchy(EventDispatchThread.java:150)
	at java.awt.EventDispatchThread.pumpEvents(EventDispatchThread.java:146)
	at java.awt.EventDispatchThread.pumpEvents(EventDispatchThread.java:138)
	at java.awt.EventDispatchThread.run(EventDispatchThread.java:91)
2014-06-20 23:35:06 ERROR PropertiesFileHandler:87 - error by parsing fastDownSpeed
java.lang.NumberFormatException: null
	at java.lang.Integer.parseInt(Integer.java:454)
	at java.lang.Integer.parseInt(Integer.java:527)
	at de.dennismaass.emp.stonemaster.stackmaster.common.properties.PropertiesFileHandler.readConnectionProperties(PropertiesFileHandler.java:84)
	at de.dennismaass.emp.stonemaster.stackmaster.common.profile.ProfileFileHandler.readProfile(ProfileFileHandler.java:16)
	at de.dennismaass.emp.stonemaster.stackmaster.configurator.ui.swing.SwingStarter.<init>(SwingStarter.java:66)
	at de.dennismaass.emp.stonemaster.stackmaster.configurator.ui.swing.SwingStarter$5.run(SwingStarter.java:359)
	at java.awt.event.InvocationEvent.dispatch(InvocationEvent.java:312)
	at java.awt.EventQueue.dispatchEventImpl(EventQueue.java:733)
	at java.awt.EventQueue.access$200(EventQueue.java:103)
	at java.awt.EventQueue$3.run(EventQueue.java:694)
	at java.awt.EventQueue$3.run(EventQueue.java:692)
	at java.security.AccessController.doPrivileged(Native Method)
	at java.security.ProtectionDomain$1.doIntersectionPrivilege(ProtectionDomain.java:76)
	at java.awt.EventQueue.dispatchEvent(EventQueue.java:703)
	at java.awt.EventDispatchThread.pumpOneEventForFilters(EventDispatchThread.java:242)
	at java.awt.EventDispatchThread.pumpEventsForFilter(EventDispatchThread.java:161)
	at java.awt.EventDispatchThread.pumpEventsForHierarchy(EventDispatchThread.java:150)
	at java.awt.EventDispatchThread.pumpEvents(EventDispatchThread.java:146)
	at java.awt.EventDispatchThread.pumpEvents(EventDispatchThread.java:138)
	at java.awt.EventDispatchThread.run(EventDispatchThread.java:91)
2014-06-20 23:35:06 ERROR PropertiesFileHandler:94 - error by parsing stepsPerMm
java.lang.NumberFormatException: null
	at java.lang.Integer.parseInt(Integer.java:454)
	at java.lang.Integer.parseInt(Integer.java:527)
	at de.dennismaass.emp.stonemaster.stackmaster.common.properties.PropertiesFileHandler.readConnectionProperties(PropertiesFileHandler.java:91)
	at de.dennismaass.emp.stonemaster.stackmaster.common.profile.ProfileFileHandler.readProfile(ProfileFileHandler.java:16)
	at de.dennismaass.emp.stonemaster.stackmaster.configurator.ui.swing.SwingStarter.<init>(SwingStarter.java:66)
	at de.dennismaass.emp.stonemaster.stackmaster.configurator.ui.swing.SwingStarter$5.run(SwingStarter.java:359)
	at java.awt.event.InvocationEvent.dispatch(InvocationEvent.java:312)
	at java.awt.EventQueue.dispatchEventImpl(EventQueue.java:733)
	at java.awt.EventQueue.access$200(EventQueue.java:103)
	at java.awt.EventQueue$3.run(EventQueue.java:694)
	at java.awt.EventQueue$3.run(EventQueue.java:692)
	at java.security.AccessController.doPrivileged(Native Method)
	at java.security.ProtectionDomain$1.doIntersectionPrivilege(ProtectionDomain.java:76)
	at java.awt.EventQueue.dispatchEvent(EventQueue.java:703)
	at java.awt.EventDispatchThread.pumpOneEventForFilters(EventDispatchThread.java:242)
	at java.awt.EventDispatchThread.pumpEventsForFilter(EventDispatchThread.java:161)
	at java.awt.EventDispatchThread.pumpEventsForHierarchy(EventDispatchThread.java:150)
	at java.awt.EventDispatchThread.pumpEvents(EventDispatchThread.java:146)
	at java.awt.EventDispatchThread.pumpEvents(EventDispatchThread.java:138)
	at java.awt.EventDispatchThread.run(EventDispatchThread.java:91)
2014-06-20 23:35:06 ERROR PropertiesFileHandler:108 - error by parsing microstepResolutionMode
java.lang.NumberFormatException: null
	at java.lang.Integer.parseInt(Integer.java:454)
	at java.lang.Integer.parseInt(Integer.java:527)
	at de.dennismaass.emp.stonemaster.stackmaster.common.properties.PropertiesFileHandler.readConnectionProperties(PropertiesFileHandler.java:105)
	at de.dennismaass.emp.stonemaster.stackmaster.common.profile.ProfileFileHandler.readProfile(ProfileFileHandler.java:16)
	at de.dennismaass.emp.stonemaster.stackmaster.configurator.ui.swing.SwingStarter.<init>(SwingStarter.java:66)
	at de.dennismaass.emp.stonemaster.stackmaster.configurator.ui.swing.SwingStarter$5.run(SwingStarter.java:359)
	at java.awt.event.InvocationEvent.dispatch(InvocationEvent.java:312)
	at java.awt.EventQueue.dispatchEventImpl(EventQueue.java:733)
	at java.awt.EventQueue.access$200(EventQueue.java:103)
	at java.awt.EventQueue$3.run(EventQueue.java:694)
	at java.awt.EventQueue$3.run(EventQueue.java:692)
	at java.security.AccessController.doPrivileged(Native Method)
	at java.security.ProtectionDomain$1.doIntersectionPrivilege(ProtectionDomain.java:76)
	at java.awt.EventQueue.dispatchEvent(EventQueue.java:703)
	at java.awt.EventDispatchThread.pumpOneEventForFilters(EventDispatchThread.java:242)
	at java.awt.EventDispatchThread.pumpEventsForFilter(EventDispatchThread.java:161)
	at java.awt.EventDispatchThread.pumpEventsForHierarchy(EventDispatchThread.java:150)
	at java.awt.EventDispatchThread.pumpEvents(EventDispatchThread.java:146)
	at java.awt.EventDispatchThread.pumpEvents(EventDispatchThread.java:138)
	at java.awt.EventDispatchThread.run(EventDispatchThread.java:91)
2014-06-20 23:35:06 ERROR SwingStarter:362 - Error in main-methode by creating SwingStarter object
java.lang.NullPointerException
	at sun.misc.FloatingDecimal.readJavaFormatString(FloatingDecimal.java:1008)
	at java.lang.Double.parseDouble(Double.java:540)
	at de.dennismaass.emp.stonemaster.stackmaster.common.properties.PropertiesFileHandler.readConnectionProperties(PropertiesFileHandler.java:112)
	at de.dennismaass.emp.stonemaster.stackmaster.common.profile.ProfileFileHandler.readProfile(ProfileFileHandler.java:16)
	at de.dennismaass.emp.stonemaster.stackmaster.configurator.ui.swing.SwingStarter.<init>(SwingStarter.java:66)
	at de.dennismaass.emp.stonemaster.stackmaster.configurator.ui.swing.SwingStarter$5.run(SwingStarter.java:359)
	at java.awt.event.InvocationEvent.dispatch(InvocationEvent.java:312)
	at java.awt.EventQueue.dispatchEventImpl(EventQueue.java:733)
	at java.awt.EventQueue.access$200(EventQueue.java:103)
	at java.awt.EventQueue$3.run(EventQueue.java:694)
	at java.awt.EventQueue$3.run(EventQueue.java:692)
	at java.security.AccessController.doPrivileged(Native Method)
	at java.security.ProtectionDomain$1.doIntersectionPrivilege(ProtectionDomain.java:76)
	at java.awt.EventQueue.dispatchEvent(EventQueue.java:703)
	at java.awt.EventDispatchThread.pumpOneEventForFilters(EventDispatchThread.java:242)
	at java.awt.EventDispatchThread.pumpEventsForFilter(EventDispatchThread.java:161)
	at java.awt.EventDispatchThread.pumpEventsForHierarchy(EventDispatchThread.java:150)
	at java.awt.EventDispatchThread.pumpEvents(EventDispatchThread.java:146)
	at java.awt.EventDispatchThread.pumpEvents(EventDispatchThread.java:138)
	at java.awt.EventDispatchThread.run(EventDispatchThread.java:91)
2014-06-20 23:35:30 INFO  PropertiesFileHandler:22 - try loading properties
2014-06-20 23:35:30 ERROR PropertiesFileHandler:36 - Error before or while reading properties file
java.io.FileNotFoundException: default.stackmaster (Das System kann die angegebene Datei nicht finden)
	at java.util.zip.ZipFile.open(Native Method)
	at java.util.zip.ZipFile.<init>(ZipFile.java:215)
	at java.util.zip.ZipFile.<init>(ZipFile.java:145)
	at java.util.zip.ZipFile.<init>(ZipFile.java:159)
	at de.dennismaass.emp.stonemaster.stackmaster.common.properties.PropertiesFileHandler.readProperties(PropertiesFileHandler.java:23)
	at de.dennismaass.emp.stonemaster.stackmaster.common.properties.PropertiesFileHandler.readConnectionProperties(PropertiesFileHandler.java:44)
	at de.dennismaass.emp.stonemaster.stackmaster.common.profile.ProfileFileHandler.readProfile(ProfileFileHandler.java:16)
	at de.dennismaass.emp.stonemaster.stackmaster.configurator.ui.swing.SwingStarter.<init>(SwingStarter.java:66)
	at de.dennismaass.emp.stonemaster.stackmaster.configurator.ui.swing.SwingStarter$5.run(SwingStarter.java:359)
	at java.awt.event.InvocationEvent.dispatch(InvocationEvent.java:312)
	at java.awt.EventQueue.dispatchEventImpl(EventQueue.java:733)
	at java.awt.EventQueue.access$200(EventQueue.java:103)
	at java.awt.EventQueue$3.run(EventQueue.java:694)
	at java.awt.EventQueue$3.run(EventQueue.java:692)
	at java.security.AccessController.doPrivileged(Native Method)
	at java.security.ProtectionDomain$1.doIntersectionPrivilege(ProtectionDomain.java:76)
	at java.awt.EventQueue.dispatchEvent(EventQueue.java:703)
	at java.awt.EventDispatchThread.pumpOneEventForFilters(EventDispatchThread.java:242)
	at java.awt.EventDispatchThread.pumpEventsForFilter(EventDispatchThread.java:161)
	at java.awt.EventDispatchThread.pumpEventsForHierarchy(EventDispatchThread.java:150)
	at java.awt.EventDispatchThread.pumpEvents(EventDispatchThread.java:146)
	at java.awt.EventDispatchThread.pumpEvents(EventDispatchThread.java:138)
	at java.awt.EventDispatchThread.run(EventDispatchThread.java:91)
2014-06-20 23:35:30 ERROR PropertiesFileHandler:52 - error by parsing fastUpSpeed
java.lang.NumberFormatException: null
	at java.lang.Integer.parseInt(Integer.java:454)
	at java.lang.Integer.parseInt(Integer.java:527)
	at de.dennismaass.emp.stonemaster.stackmaster.common.properties.PropertiesFileHandler.readConnectionProperties(PropertiesFileHandler.java:49)
	at de.dennismaass.emp.stonemaster.stackmaster.common.profile.ProfileFileHandler.readProfile(ProfileFileHandler.java:16)
	at de.dennismaass.emp.stonemaster.stackmaster.configurator.ui.swing.SwingStarter.<init>(SwingStarter.java:66)
	at de.dennismaass.emp.stonemaster.stackmaster.configurator.ui.swing.SwingStarter$5.run(SwingStarter.java:359)
	at java.awt.event.InvocationEvent.dispatch(InvocationEvent.java:312)
	at java.awt.EventQueue.dispatchEventImpl(EventQueue.java:733)
	at java.awt.EventQueue.access$200(EventQueue.java:103)
	at java.awt.EventQueue$3.run(EventQueue.java:694)
	at java.awt.EventQueue$3.run(EventQueue.java:692)
	at java.security.AccessController.doPrivileged(Native Method)
	at java.security.ProtectionDomain$1.doIntersectionPrivilege(ProtectionDomain.java:76)
	at java.awt.EventQueue.dispatchEvent(EventQueue.java:703)
	at java.awt.EventDispatchThread.pumpOneEventForFilters(EventDispatchThread.java:242)
	at java.awt.EventDispatchThread.pumpEventsForFilter(EventDispatchThread.java:161)
	at java.awt.EventDispatchThread.pumpEventsForHierarchy(EventDispatchThread.java:150)
	at java.awt.EventDispatchThread.pumpEvents(EventDispatchThread.java:146)
	at java.awt.EventDispatchThread.pumpEvents(EventDispatchThread.java:138)
	at java.awt.EventDispatchThread.run(EventDispatchThread.java:91)
2014-06-20 23:35:30 ERROR PropertiesFileHandler:59 - error by parsing middleUpSpeed
java.lang.NumberFormatException: null
	at java.lang.Integer.parseInt(Integer.java:454)
	at java.lang.Integer.parseInt(Integer.java:527)
	at de.dennismaass.emp.stonemaster.stackmaster.common.properties.PropertiesFileHandler.readConnectionProperties(PropertiesFileHandler.java:56)
	at de.dennismaass.emp.stonemaster.stackmaster.common.profile.ProfileFileHandler.readProfile(ProfileFileHandler.java:16)
	at de.dennismaass.emp.stonemaster.stackmaster.configurator.ui.swing.SwingStarter.<init>(SwingStarter.java:66)
	at de.dennismaass.emp.stonemaster.stackmaster.configurator.ui.swing.SwingStarter$5.run(SwingStarter.java:359)
	at java.awt.event.InvocationEvent.dispatch(InvocationEvent.java:312)
	at java.awt.EventQueue.dispatchEventImpl(EventQueue.java:733)
	at java.awt.EventQueue.access$200(EventQueue.java:103)
	at java.awt.EventQueue$3.run(EventQueue.java:694)
	at java.awt.EventQueue$3.run(EventQueue.java:692)
	at java.security.AccessController.doPrivileged(Native Method)
	at java.security.ProtectionDomain$1.doIntersectionPrivilege(ProtectionDomain.java:76)
	at java.awt.EventQueue.dispatchEvent(EventQueue.java:703)
	at java.awt.EventDispatchThread.pumpOneEventForFilters(EventDispatchThread.java:242)
	at java.awt.EventDispatchThread.pumpEventsForFilter(EventDispatchThread.java:161)
	at java.awt.EventDispatchThread.pumpEventsForHierarchy(EventDispatchThread.java:150)
	at java.awt.EventDispatchThread.pumpEvents(EventDispatchThread.java:146)
	at java.awt.EventDispatchThread.pumpEvents(EventDispatchThread.java:138)
	at java.awt.EventDispatchThread.run(EventDispatchThread.java:91)
2014-06-20 23:35:30 ERROR PropertiesFileHandler:66 - error by parsing slowUpSpeed
java.lang.NumberFormatException: null
	at java.lang.Integer.parseInt(Integer.java:454)
	at java.lang.Integer.parseInt(Integer.java:527)
	at de.dennismaass.emp.stonemaster.stackmaster.common.properties.PropertiesFileHandler.readConnectionProperties(PropertiesFileHandler.java:63)
	at de.dennismaass.emp.stonemaster.stackmaster.common.profile.ProfileFileHandler.readProfile(ProfileFileHandler.java:16)
	at de.dennismaass.emp.stonemaster.stackmaster.configurator.ui.swing.SwingStarter.<init>(SwingStarter.java:66)
	at de.dennismaass.emp.stonemaster.stackmaster.configurator.ui.swing.SwingStarter$5.run(SwingStarter.java:359)
	at java.awt.event.InvocationEvent.dispatch(InvocationEvent.java:312)
	at java.awt.EventQueue.dispatchEventImpl(EventQueue.java:733)
	at java.awt.EventQueue.access$200(EventQueue.java:103)
	at java.awt.EventQueue$3.run(EventQueue.java:694)
	at java.awt.EventQueue$3.run(EventQueue.java:692)
	at java.security.AccessController.doPrivileged(Native Method)
	at java.security.ProtectionDomain$1.doIntersectionPrivilege(ProtectionDomain.java:76)
	at java.awt.EventQueue.dispatchEvent(EventQueue.java:703)
	at java.awt.EventDispatchThread.pumpOneEventForFilters(EventDispatchThread.java:242)
	at java.awt.EventDispatchThread.pumpEventsForFilter(EventDispatchThread.java:161)
	at java.awt.EventDispatchThread.pumpEventsForHierarchy(EventDispatchThread.java:150)
	at java.awt.EventDispatchThread.pumpEvents(EventDispatchThread.java:146)
	at java.awt.EventDispatchThread.pumpEvents(EventDispatchThread.java:138)
	at java.awt.EventDispatchThread.run(EventDispatchThread.java:91)
2014-06-20 23:35:30 ERROR PropertiesFileHandler:73 - error by parsing slowDownSpeed
java.lang.NumberFormatException: null
	at java.lang.Integer.parseInt(Integer.java:454)
	at java.lang.Integer.parseInt(Integer.java:527)
	at de.dennismaass.emp.stonemaster.stackmaster.common.properties.PropertiesFileHandler.readConnectionProperties(PropertiesFileHandler.java:70)
	at de.dennismaass.emp.stonemaster.stackmaster.common.profile.ProfileFileHandler.readProfile(ProfileFileHandler.java:16)
	at de.dennismaass.emp.stonemaster.stackmaster.configurator.ui.swing.SwingStarter.<init>(SwingStarter.java:66)
	at de.dennismaass.emp.stonemaster.stackmaster.configurator.ui.swing.SwingStarter$5.run(SwingStarter.java:359)
	at java.awt.event.InvocationEvent.dispatch(InvocationEvent.java:312)
	at java.awt.EventQueue.dispatchEventImpl(EventQueue.java:733)
	at java.awt.EventQueue.access$200(EventQueue.java:103)
	at java.awt.EventQueue$3.run(EventQueue.java:694)
	at java.awt.EventQueue$3.run(EventQueue.java:692)
	at java.security.AccessController.doPrivileged(Native Method)
	at java.security.ProtectionDomain$1.doIntersectionPrivilege(ProtectionDomain.java:76)
	at java.awt.EventQueue.dispatchEvent(EventQueue.java:703)
	at java.awt.EventDispatchThread.pumpOneEventForFilters(EventDispatchThread.java:242)
	at java.awt.EventDispatchThread.pumpEventsForFilter(EventDispatchThread.java:161)
	at java.awt.EventDispatchThread.pumpEventsForHierarchy(EventDispatchThread.java:150)
	at java.awt.EventDispatchThread.pumpEvents(EventDispatchThread.java:146)
	at java.awt.EventDispatchThread.pumpEvents(EventDispatchThread.java:138)
	at java.awt.EventDispatchThread.run(EventDispatchThread.java:91)
2014-06-20 23:35:30 ERROR PropertiesFileHandler:80 - error by parsing middleDownSpeed
java.lang.NumberFormatException: null
	at java.lang.Integer.parseInt(Integer.java:454)
	at java.lang.Integer.parseInt(Integer.java:527)
	at de.dennismaass.emp.stonemaster.stackmaster.common.properties.PropertiesFileHandler.readConnectionProperties(PropertiesFileHandler.java:77)
	at de.dennismaass.emp.stonemaster.stackmaster.common.profile.ProfileFileHandler.readProfile(ProfileFileHandler.java:16)
	at de.dennismaass.emp.stonemaster.stackmaster.configurator.ui.swing.SwingStarter.<init>(SwingStarter.java:66)
	at de.dennismaass.emp.stonemaster.stackmaster.configurator.ui.swing.SwingStarter$5.run(SwingStarter.java:359)
	at java.awt.event.InvocationEvent.dispatch(InvocationEvent.java:312)
	at java.awt.EventQueue.dispatchEventImpl(EventQueue.java:733)
	at java.awt.EventQueue.access$200(EventQueue.java:103)
	at java.awt.EventQueue$3.run(EventQueue.java:694)
	at java.awt.EventQueue$3.run(EventQueue.java:692)
	at java.security.AccessController.doPrivileged(Native Method)
	at java.security.ProtectionDomain$1.doIntersectionPrivilege(ProtectionDomain.java:76)
	at java.awt.EventQueue.dispatchEvent(EventQueue.java:703)
	at java.awt.EventDispatchThread.pumpOneEventForFilters(EventDispatchThread.java:242)
	at java.awt.EventDispatchThread.pumpEventsForFilter(EventDispatchThread.java:161)
	at java.awt.EventDispatchThread.pumpEventsForHierarchy(EventDispatchThread.java:150)
	at java.awt.EventDispatchThread.pumpEvents(EventDispatchThread.java:146)
	at java.awt.EventDispatchThread.pumpEvents(EventDispatchThread.java:138)
	at java.awt.EventDispatchThread.run(EventDispatchThread.java:91)
2014-06-20 23:35:30 ERROR PropertiesFileHandler:87 - error by parsing fastDownSpeed
java.lang.NumberFormatException: null
	at java.lang.Integer.parseInt(Integer.java:454)
	at java.lang.Integer.parseInt(Integer.java:527)
	at de.dennismaass.emp.stonemaster.stackmaster.common.properties.PropertiesFileHandler.readConnectionProperties(PropertiesFileHandler.java:84)
	at de.dennismaass.emp.stonemaster.stackmaster.common.profile.ProfileFileHandler.readProfile(ProfileFileHandler.java:16)
	at de.dennismaass.emp.stonemaster.stackmaster.configurator.ui.swing.SwingStarter.<init>(SwingStarter.java:66)
	at de.dennismaass.emp.stonemaster.stackmaster.configurator.ui.swing.SwingStarter$5.run(SwingStarter.java:359)
	at java.awt.event.InvocationEvent.dispatch(InvocationEvent.java:312)
	at java.awt.EventQueue.dispatchEventImpl(EventQueue.java:733)
	at java.awt.EventQueue.access$200(EventQueue.java:103)
	at java.awt.EventQueue$3.run(EventQueue.java:694)
	at java.awt.EventQueue$3.run(EventQueue.java:692)
	at java.security.AccessController.doPrivileged(Native Method)
	at java.security.ProtectionDomain$1.doIntersectionPrivilege(ProtectionDomain.java:76)
	at java.awt.EventQueue.dispatchEvent(EventQueue.java:703)
	at java.awt.EventDispatchThread.pumpOneEventForFilters(EventDispatchThread.java:242)
	at java.awt.EventDispatchThread.pumpEventsForFilter(EventDispatchThread.java:161)
	at java.awt.EventDispatchThread.pumpEventsForHierarchy(EventDispatchThread.java:150)
	at java.awt.EventDispatchThread.pumpEvents(EventDispatchThread.java:146)
	at java.awt.EventDispatchThread.pumpEvents(EventDispatchThread.java:138)
	at java.awt.EventDispatchThread.run(EventDispatchThread.java:91)
2014-06-20 23:35:30 ERROR PropertiesFileHandler:94 - error by parsing stepsPerMm
java.lang.NumberFormatException: null
	at java.lang.Integer.parseInt(Integer.java:454)
	at java.lang.Integer.parseInt(Integer.java:527)
	at de.dennismaass.emp.stonemaster.stackmaster.common.properties.PropertiesFileHandler.readConnectionProperties(PropertiesFileHandler.java:91)
	at de.dennismaass.emp.stonemaster.stackmaster.common.profile.ProfileFileHandler.readProfile(ProfileFileHandler.java:16)
	at de.dennismaass.emp.stonemaster.stackmaster.configurator.ui.swing.SwingStarter.<init>(SwingStarter.java:66)
	at de.dennismaass.emp.stonemaster.stackmaster.configurator.ui.swing.SwingStarter$5.run(SwingStarter.java:359)
	at java.awt.event.InvocationEvent.dispatch(InvocationEvent.java:312)
	at java.awt.EventQueue.dispatchEventImpl(EventQueue.java:733)
	at java.awt.EventQueue.access$200(EventQueue.java:103)
	at java.awt.EventQueue$3.run(EventQueue.java:694)
	at java.awt.EventQueue$3.run(EventQueue.java:692)
	at java.security.AccessController.doPrivileged(Native Method)
	at java.security.ProtectionDomain$1.doIntersectionPrivilege(ProtectionDomain.java:76)
	at java.awt.EventQueue.dispatchEvent(EventQueue.java:703)
	at java.awt.EventDispatchThread.pumpOneEventForFilters(EventDispatchThread.java:242)
	at java.awt.EventDispatchThread.pumpEventsForFilter(EventDispatchThread.java:161)
	at java.awt.EventDispatchThread.pumpEventsForHierarchy(EventDispatchThread.java:150)
	at java.awt.EventDispatchThread.pumpEvents(EventDispatchThread.java:146)
	at java.awt.EventDispatchThread.pumpEvents(EventDispatchThread.java:138)
	at java.awt.EventDispatchThread.run(EventDispatchThread.java:91)
2014-06-20 23:35:30 ERROR PropertiesFileHandler:108 - error by parsing microstepResolutionMode
java.lang.NumberFormatException: null
	at java.lang.Integer.parseInt(Integer.java:454)
	at java.lang.Integer.parseInt(Integer.java:527)
	at de.dennismaass.emp.stonemaster.stackmaster.common.properties.PropertiesFileHandler.readConnectionProperties(PropertiesFileHandler.java:105)
	at de.dennismaass.emp.stonemaster.stackmaster.common.profile.ProfileFileHandler.readProfile(ProfileFileHandler.java:16)
	at de.dennismaass.emp.stonemaster.stackmaster.configurator.ui.swing.SwingStarter.<init>(SwingStarter.java:66)
	at de.dennismaass.emp.stonemaster.stackmaster.configurator.ui.swing.SwingStarter$5.run(SwingStarter.java:359)
	at java.awt.event.InvocationEvent.dispatch(InvocationEvent.java:312)
	at java.awt.EventQueue.dispatchEventImpl(EventQueue.java:733)
	at java.awt.EventQueue.access$200(EventQueue.java:103)
	at java.awt.EventQueue$3.run(EventQueue.java:694)
	at java.awt.EventQueue$3.run(EventQueue.java:692)
	at java.security.AccessController.doPrivileged(Native Method)
	at java.security.ProtectionDomain$1.doIntersectionPrivilege(ProtectionDomain.java:76)
	at java.awt.EventQueue.dispatchEvent(EventQueue.java:703)
	at java.awt.EventDispatchThread.pumpOneEventForFilters(EventDispatchThread.java:242)
	at java.awt.EventDispatchThread.pumpEventsForFilter(EventDispatchThread.java:161)
	at java.awt.EventDispatchThread.pumpEventsForHierarchy(EventDispatchThread.java:150)
	at java.awt.EventDispatchThread.pumpEvents(EventDispatchThread.java:146)
	at java.awt.EventDispatchThread.pumpEvents(EventDispatchThread.java:138)
	at java.awt.EventDispatchThread.run(EventDispatchThread.java:91)
2014-06-20 23:35:30 ERROR SwingStarter:362 - Error in main-methode by creating SwingStarter object
java.lang.NullPointerException
	at sun.misc.FloatingDecimal.readJavaFormatString(FloatingDecimal.java:1008)
	at java.lang.Double.parseDouble(Double.java:540)
	at de.dennismaass.emp.stonemaster.stackmaster.common.properties.PropertiesFileHandler.readConnectionProperties(PropertiesFileHandler.java:112)
	at de.dennismaass.emp.stonemaster.stackmaster.common.profile.ProfileFileHandler.readProfile(ProfileFileHandler.java:16)
	at de.dennismaass.emp.stonemaster.stackmaster.configurator.ui.swing.SwingStarter.<init>(SwingStarter.java:66)
	at de.dennismaass.emp.stonemaster.stackmaster.configurator.ui.swing.SwingStarter$5.run(SwingStarter.java:359)
	at java.awt.event.InvocationEvent.dispatch(InvocationEvent.java:312)
	at java.awt.EventQueue.dispatchEventImpl(EventQueue.java:733)
	at java.awt.EventQueue.access$200(EventQueue.java:103)
	at java.awt.EventQueue$3.run(EventQueue.java:694)
	at java.awt.EventQueue$3.run(EventQueue.java:692)
	at java.security.AccessController.doPrivileged(Native Method)
	at java.security.ProtectionDomain$1.doIntersectionPrivilege(ProtectionDomain.java:76)
	at java.awt.EventQueue.dispatchEvent(EventQueue.java:703)
	at java.awt.EventDispatchThread.pumpOneEventForFilters(EventDispatchThread.java:242)
	at java.awt.EventDispatchThread.pumpEventsForFilter(EventDispatchThread.java:161)
	at java.awt.EventDispatchThread.pumpEventsForHierarchy(EventDispatchThread.java:150)
	at java.awt.EventDispatchThread.pumpEvents(EventDispatchThread.java:146)
	at java.awt.EventDispatchThread.pumpEvents(EventDispatchThread.java:138)
	at java.awt.EventDispatchThread.run(EventDispatchThread.java:91)
2014-06-20 23:35:52 INFO  PropertiesFileHandler:22 - try loading properties
2014-06-20 23:35:52 INFO  PropertiesFileHandler:34 - properties loaded
2014-06-20 23:35:52 INFO  PropertiesFileHandler:22 - try loading properties
2014-06-20 23:35:52 INFO  PropertiesFileHandler:34 - properties loaded
2014-06-25 21:22:20 INFO  PropertiesFileHandler:22 - try loading properties
2014-06-25 21:22:20 INFO  PropertiesFileHandler:34 - properties loaded
2014-06-25 21:22:20 INFO  PropertiesFileHandler:22 - try loading properties
2014-06-25 21:22:20 INFO  PropertiesFileHandler:34 - properties loaded
2014-06-25 21:23:54 INFO  PropertiesFileHandler:22 - try loading properties
2014-06-25 21:23:54 INFO  PropertiesFileHandler:34 - properties loaded
2014-06-25 21:23:54 INFO  PropertiesFileHandler:22 - try loading properties
2014-06-25 21:23:54 INFO  PropertiesFileHandler:34 - properties loaded
2014-06-25 22:18:46 INFO  PropertiesFileHandler:22 - try loading properties
2014-06-25 22:18:46 INFO  PropertiesFileHandler:34 - properties loaded
2014-06-25 22:18:46 INFO  PropertiesFileHandler:22 - try loading properties
2014-06-25 22:18:46 INFO  PropertiesFileHandler:34 - properties loaded
2014-06-25 22:48:32 INFO  PropertiesFileHandler:22 - try loading properties
2014-06-25 22:48:32 INFO  PropertiesFileHandler:34 - properties loaded
2014-06-25 22:48:32 INFO  PropertiesFileHandler:22 - try loading properties
2014-06-25 22:48:32 INFO  PropertiesFileHandler:34 - properties loaded
2014-06-25 22:51:00 INFO  PropertiesFileHandler:22 - try loading properties
2014-06-25 22:51:00 INFO  PropertiesFileHandler:34 - properties loaded
2014-06-25 22:51:00 INFO  PropertiesFileHandler:22 - try loading properties
2014-06-25 22:51:00 INFO  PropertiesFileHandler:34 - properties loaded
2014-06-25 22:52:43 INFO  PropertiesFileHandler:22 - try loading properties
2014-06-25 22:52:43 INFO  PropertiesFileHandler:34 - properties loaded
2014-06-25 22:52:43 INFO  PropertiesFileHandler:22 - try loading properties
2014-06-25 22:52:43 INFO  PropertiesFileHandler:34 - properties loaded
2014-06-25 22:55:21 INFO  PropertiesFileHandler:22 - try loading properties
2014-06-25 22:55:21 INFO  PropertiesFileHandler:34 - properties loaded
2014-06-25 22:55:21 INFO  PropertiesFileHandler:22 - try loading properties
2014-06-25 22:55:21 INFO  PropertiesFileHandler:34 - properties loaded
2014-06-25 22:55:21 ERROR SwingStarter:445 - Error in main-methode by creating SwingStarter object
java.lang.NullPointerException
	at de.dennismaass.emp.stonemaster.stackmaster.configurator.ui.swing.SwingStarter.cancel(SwingStarter.java:352)
	at de.dennismaass.emp.stonemaster.stackmaster.configurator.ui.swing.SwingStarter.refresh(SwingStarter.java:372)
	at de.dennismaass.emp.stonemaster.stackmaster.configurator.ui.swing.SwingStarter.setConnectionProperties(SwingStarter.java:348)
	at de.dennismaass.emp.stonemaster.stackmaster.configurator.ui.swing.SwingStarter.<init>(SwingStarter.java:99)
	at de.dennismaass.emp.stonemaster.stackmaster.configurator.ui.swing.SwingStarter$3.run(SwingStarter.java:442)
	at java.awt.event.InvocationEvent.dispatch(InvocationEvent.java:312)
	at java.awt.EventQueue.dispatchEventImpl(EventQueue.java:733)
	at java.awt.EventQueue.access$200(EventQueue.java:103)
	at java.awt.EventQueue$3.run(EventQueue.java:694)
	at java.awt.EventQueue$3.run(EventQueue.java:692)
	at java.security.AccessController.doPrivileged(Native Method)
	at java.security.ProtectionDomain$1.doIntersectionPrivilege(ProtectionDomain.java:76)
	at java.awt.EventQueue.dispatchEvent(EventQueue.java:703)
	at java.awt.EventDispatchThread.pumpOneEventForFilters(EventDispatchThread.java:242)
	at java.awt.EventDispatchThread.pumpEventsForFilter(EventDispatchThread.java:161)
	at java.awt.EventDispatchThread.pumpEventsForHierarchy(EventDispatchThread.java:150)
	at java.awt.EventDispatchThread.pumpEvents(EventDispatchThread.java:146)
	at java.awt.EventDispatchThread.pumpEvents(EventDispatchThread.java:138)
	at java.awt.EventDispatchThread.run(EventDispatchThread.java:91)
2014-06-25 22:55:51 INFO  PropertiesFileHandler:22 - try loading properties
2014-06-25 22:55:51 INFO  PropertiesFileHandler:34 - properties loaded
2014-06-25 22:55:51 INFO  PropertiesFileHandler:22 - try loading properties
2014-06-25 22:55:51 INFO  PropertiesFileHandler:34 - properties loaded
2014-06-25 22:56:10 INFO  PropertiesFileHandler:22 - try loading properties
2014-06-25 22:56:10 INFO  PropertiesFileHandler:34 - properties loaded
2014-06-25 22:56:10 INFO  PropertiesFileHandler:22 - try loading properties
2014-06-25 22:56:10 INFO  PropertiesFileHandler:34 - properties loaded
